Processing Animal...
Error processing No such file or directory - https://api.electricimp.com/v1/905e93a5eeca3025/30eb54fe2496f31f?value=play%7Chttp%3A%2F%2Fwww.tumblr.com%2Faudio_file%2Fh0ldingontohope%2F7339958990%2Ftumblr_ljm3gyDSs41qzhm51%3Fplead%3Dplease-dont-download-this-or-our-lawyers-wont-let-us-host-audio
Processing Animal Rights...
Error processing No such file or directory - https://api.electricimp.com/v1/905e93a5eeca3025/30eb54fe2496f31f?value=play%7Chttp%3A%2F%2Fwww.tumblr.com%2Faudio_file%2Fedm-trancestep%2F16724725630%2Ftumblr_lyl1veLvVB1r6t7p5%3Fplead%3Dplease-dont-download-this-or-our-lawyers-wont-let-us-host-audio
Processing TiK ToK...
Processed TiK ToK
Processing Animal...
Processed Animal
Processing http://concreteopinions.com/music/31%20days%202012/Little%20Talks.mp3...
Processed Little Talks
Processing http://www.tumblr.com/audio_file/sexmusic/7740584203/tumblr_loe6oilCJx1qze2ad?plead=please-dont-download-this-or-our-lawyers-wont-let-us-host-audio...
Processing http://www.tumblr.com/audio_file/docmartn/30363169555/tumblr_m73zdzl5LN1r1gbq2?plead=please-dont-download-this-or-our-lawyers-wont-let-us-host-audio...
Processing http://www.tumblr.com/audio_file/sofapizza/1143817160/tumblr_l8jmsaUIeA1qak3fd?plead=please-dont-download-this-or-our-lawyers-wont-let-us-host-audio...
Processing http://www.tumblr.com/audio_file/sofapizza/1143817160/tumblr_l8jmsaUIeA1qak3fd?plead=please-dont-download-this-or-our-lawyers-wont-let-us-host-audio...
Viewing www.tumblr.com with /audio_file/sofapizza/1143817160/tumblr_l8jmsaUIeA1qak3fd...
Processing http://www.tumblr.com/audio_file/viciousfiction/762208492/tumblr_l4xp5bChoM1qzgrt6?plead=please-dont-download-this-or-our-lawyers-wont-let-us-host-audio...
Viewing www.tumblr.com with /audio_file/viciousfiction/762208492/tumblr_l4xp5bChoM1qzgrt6...
Processing http://www.tumblr.com/audio_file/docmartn/30363169555/tumblr_m73zdzl5LN1r1gbq2?plead=please-dont-download-this-or-our-lawyers-wont-let-us-host-audio...
Viewing www.tumblr.com with /audio_file/docmartn/30363169555/tumblr_m73zdzl5LN1r1gbq2...
Processing http://api.soundcloud.com/tracks/8969660/stream...
Viewing api.soundcloud.com with /tracks/8969660/stream...
Processing http://www.tumblr.com/audio_file/jeraburabu/41780332374/tumblr_mhdioyediH1rhz8ki?plead=please-dont-download-this-or-our-lawyers-wont-let-us-host-audio...
Viewing www.tumblr.com with /audio_file/jeraburabu/41780332374/tumblr_mhdioyediH1rhz8ki...
Processing http://mp3-lyrics.org.ru/music/users/681_en-lyrics.mp3...
Viewing mp3-lyrics.org.ru with /music/users/681_en-lyrics.mp3...
Processing http://www.tumblr.com/audio_file/edm-trancestep/16724725630/tumblr_lyl1veLvVB1r6t7p5?plead=please-dont-download-this-or-our-lawyers-wont-let-us-host-audio...
Viewing www.tumblr.com with /audio_file/edm-trancestep/16724725630/tumblr_lyl1veLvVB1r6t7p5...
Processing http://www.tumblr.com/audio_file/purpleboyhowonee/9779169245/tumblr_lqzgzp31gR1qemzep?plead=please-dont-download-this-or-our-lawyers-wont-let-us-host-audio...
Viewing www.tumblr.com with /audio_file/purpleboyhowonee/9779169245/tumblr_lqzgzp31gR1qemzep to tmp/4938f11b0b3e6e400eeeda318d4c0c50144b435d.mp3 and public/uploads/4938f11b0b3e6e400eeeda318d4c0c50144b435d.mp3...
Processing http://www.tumblr.com/audio_file/chapisanta-uio/34867741232/tumblr_mcu0u2zM1Z1rk2kek?plead=please-dont-download-this-or-our-lawyers-wont-let-us-host-audio...
Processing http://www.tumblr.com/audio_file/sofapizza/1143817160/tumblr_l8jmsaUIeA1qak3fd?plead=please-dont-download-this-or-our-lawyers-wont-let-us-host-audio...
Viewing www.tumblr.com with /audio_file/sofapizza/1143817160/tumblr_l8jmsaUIeA1qak3fd to tmp/a75ba9d17509c82d34d4e464345d2577e76fd2de.mp3 and public/uploads/a75ba9d17509c82d34d4e464345d2577e76fd2de.mp3...
Processed Animal to http://localhost:3000/uploads/a75ba9d17509c82d34d4e464345d2577e76fd2de.mp3
Processing http://www.tumblr.com/audio_file/sofapizza/1143817160/tumblr_l8jmsaUIeA1qak3fd?plead=please-dont-download-this-or-our-lawyers-wont-let-us-host-audio...
Processed Animal to http://localhost:3000/uploads/a75ba9d17509c82d34d4e464345d2577e76fd2de.mp3
Processing http://www.tumblr.com/audio_file/sofapizza/1143817160/tumblr_l8jmsaUIeA1qak3fd?plead=please-dont-download-this-or-our-lawyers-wont-let-us-host-audio...
Viewing www.tumblr.com with /audio_file/sofapizza/1143817160/tumblr_l8jmsaUIeA1qak3fd to tmp/a75ba9d17509c82d34d4e464345d2577e76fd2de.mp3 and public/uploads/a75ba9d17509c82d34d4e464345d2577e76fd2de.mp3...
Processed Animal to http://localhost:3000/uploads/a75ba9d17509c82d34d4e464345d2577e76fd2de.mp3
Processing http://www.tumblr.com/audio_file/sofapizza/1143817160/tumblr_l8jmsaUIeA1qak3fd?plead=please-dont-download-this-or-our-lawyers-wont-let-us-host-audio...
Processed Animal to http://localhost:3000/uploads/a75ba9d17509c82d34d4e464345d2577e76fd2de.mp3
Processing http://www.tumblr.com/audio_file/sofapizza/1143817160/tumblr_l8jmsaUIeA1qak3fd?plead=please-dont-download-this-or-our-lawyers-wont-let-us-host-audio...
wget -O tmp/a75ba9d17509c82d34d4e464345d2577e76fd2de.mp3 http://www.tumblr.com/audio_file/sofapizza/1143817160/tumblr_l8jmsaUIeA1qak3fd?plead=please-dont-download-this-or-our-lawyers-wont-let-us-host-audio
Processed Animal to http://localhost:3000/uploads/a75ba9d17509c82d34d4e464345d2577e76fd2de.mp3
Processing http://www.tumblr.com/audio_file/sofapizza/1143817160/tumblr_l8jmsaUIeA1qak3fd?plead=please-dont-download-this-or-our-lawyers-wont-let-us-host-audio...
wget -O tmp/a75ba9d17509c82d34d4e464345d2577e76fd2de.mp3 http://www.tumblr.com/audio_file/sofapizza/1143817160/tumblr_l8jmsaUIeA1qak3fd?plead=please-dont-download-this-or-our-lawyers-wont-let-us-host-audio
Processed Animal to http://localhost:3000/uploads/a75ba9d17509c82d34d4e464345d2577e76fd2de.mp3
Processing http://www.tumblr.com/audio_file/sofapizza/1143817160/tumblr_l8jmsaUIeA1qak3fd?plead=please-dont-download-this-or-our-lawyers-wont-let-us-host-audio...
Error processing No such file or directory - https://api.electricimp.com/v1/905e93a5eeca3025/30eb54fe2496f31f?value=play%7Chttp%3A%2F%2Flocalhost%3A3000%2Fuploads%2Fa75ba9d17509c82d34d4e464345d2577e76fd2de.mp3
Processing http://www.tumblr.com/audio_file/docmartn/30363169555/tumblr_m73zdzl5LN1r1gbq2?plead=please-dont-download-this-or-our-lawyers-wont-let-us-host-audio...
Processed Dirty Paws to http://localhost:3000/uploads/989dca00da5d86b4e9b1916cee9b5dc8ba344c09.mp3
Processing http://www.tumblr.com/audio_file/sugaronastick/8779847751/tumblr_lpr3ppkTEO1qb6ygt?plead=please-dont-download-this-or-our-lawyers-wont-let-us-host-audio...
Processed Titanium to http://localhost:3000/uploads/51ad44c370404a647562a6bb2eb374902941b68f.mp3
